0 info it worked if it ends with ok
1 verbose cli [ 'D:\\node.js\\node.exe',
1 verbose cli   'D:\\node.js\\node_modules\\npm\\bin\\npm-cli.js',
1 verbose cli   'run',
1 verbose cli   'watch-css' ]
2 info using npm@3.10.10
3 info using node@v6.11.3
4 verbose run-script [ 'prewatch-css', 'watch-css', 'postwatch-css' ]
5 info lifecycle saveif-react@1.1.0~prewatch-css: saveif-react@1.1.0
6 silly lifecycle saveif-react@1.1.0~prewatch-css: no script for prewatch-css, continuing
7 info lifecycle saveif-react@1.1.0~watch-css: saveif-react@1.1.0
8 verbose lifecycle saveif-react@1.1.0~watch-css: unsafe-perm in lifecycle true
9 verbose lifecycle saveif-react@1.1.0~watch-css: PATH: D:\node.js\node_modules\npm\bin\node-gyp-bin;D:\NetBeansProjects\saveif\saveIF-react\node_modules\.bin;D:\node.js\node_modules\npm\bin\node-gyp-bin;D:\NetBeansProjects\saveif\saveIF-react\node_modules\.bin;C:\ProgramData\Oracle\Java\javapath;C:\Program Files (x86)\NVIDIA Corporation\PhysX\Common;C:\Program Files (x86)\Intel\iCLS Client\;C:\Program Files\Intel\iCLS Client\;C:\Windows\system32;C:\Windows;C:\Windows\System32\Wbem;C:\Windows\System32\WindowsPowerShell\v1.0\;C:\Program Files (x86)\Intel\OpenCL SDK\2.0\bin\x86;C:\Program Files (x86)\Intel\OpenCL SDK\2.0\bin\x64;C:\Program Files\Intel\Intel(R) Management Engine Components\DAL;C:\Program Files\Intel\Intel(R) Management Engine Components\IPT;C:\Program Files (x86)\Intel\Intel(R) Management Engine Components\DAL;D:\node.js\;C:\Program Files\Git\cmd;C:\Program Files\Java\jdk1.8.0_25\bin;C:\Users\062013\AppData\Roaming\npm;D:\Microsoft VS Code\bin
10 verbose lifecycle saveif-react@1.1.0~watch-css: CWD: D:\NetBeansProjects\saveif\saveIF-react
11 silly lifecycle saveif-react@1.1.0~watch-css: Args: [ '/d /s /c',
11 silly lifecycle   'npm run build-css && node-sass-chokidar --include-path ./src --include-path ./node_modules src/ -o src/ --watch --recursive' ]
12 silly lifecycle saveif-react@1.1.0~watch-css: Returned: code: 3221225786  signal: null
13 info lifecycle saveif-react@1.1.0~watch-css: Failed to exec watch-css script
14 verbose stack Error: saveif-react@1.1.0 watch-css: `npm run build-css && node-sass-chokidar --include-path ./src --include-path ./node_modules src/ -o src/ --watch --recursive`
14 verbose stack Exit status 3221225786
14 verbose stack     at EventEmitter.<anonymous> (D:\node.js\node_modules\npm\lib\utils\lifecycle.js:255:16)
14 verbose stack     at emitTwo (events.js:106:13)
14 verbose stack     at EventEmitter.emit (events.js:191:7)
14 verbose stack     at ChildProcess.<anonymous> (D:\node.js\node_modules\npm\lib\utils\spawn.js:40:14)
14 verbose stack     at emitTwo (events.js:106:13)
14 verbose stack     at ChildProcess.emit (events.js:191:7)
14 verbose stack     at maybeClose (internal/child_process.js:920:16)
14 verbose stack     at Process.ChildProcess._handle.onexit (internal/child_process.js:230:5)
15 verbose pkgid saveif-react@1.1.0
16 verbose cwd D:\NetBeansProjects\saveif\saveIF-react
17 error Windows_NT 6.1.7601
18 error argv "D:\\node.js\\node.exe" "D:\\node.js\\node_modules\\npm\\bin\\npm-cli.js" "run" "watch-css"
19 error node v6.11.3
20 error npm  v3.10.10
21 error code ELIFECYCLE
22 error saveif-react@1.1.0 watch-css: `npm run build-css && node-sass-chokidar --include-path ./src --include-path ./node_modules src/ -o src/ --watch --recursive`
22 error Exit status 3221225786
23 error Failed at the saveif-react@1.1.0 watch-css script 'npm run build-css && node-sass-chokidar --include-path ./src --include-path ./node_modules src/ -o src/ --watch --recursive'.
23 error Make sure you have the latest version of node.js and npm installed.
23 error If you do, this is most likely a problem with the saveif-react package,
23 error not with npm itself.
23 error Tell the author that this fails on your system:
23 error     npm run build-css && node-sass-chokidar --include-path ./src --include-path ./node_modules src/ -o src/ --watch --recursive
23 error You can get information on how to open an issue for this project with:
23 error     npm bugs saveif-react
23 error Or if that isn't available, you can get their info via:
23 error     npm owner ls saveif-react
23 error There is likely additional logging output above.
24 verbose exit [ 1, true ]
